2018-11-13 16:52:37.867157 开始探测主机和进程状态
2018-11-13 16:52:41.825074 结束探测主机和进程状态
2018-11-13 17:02:42.570969 开始探测主机和进程状态
邮件预警成功:mrcheng0910@gmail.com
2018-11-13 17:02:45.080909 结束探测主机和进程状态
2018-11-13 17:12:45.830434 开始探测主机和进程状态
2018-11-13 17:12:49.979944 结束探测主机和进程状态
2018-11-13 17:22:50.725648 开始探测主机和进程状态
邮件预警成功:mrcheng0910@gmail.com
2018-11-13 17:22:52.270520 结束探测主机和进程状态
2018-11-13 17:32:53.018586 开始探测主机和进程状态
2018-11-13 17:32:56.960034 结束探测主机和进程状态
2018-11-13 17:42:57.703929 开始探测主机和进程状态
邮件预警成功:mrcheng0910@gmail.com
2018-11-13 17:43:00.125042 结束探测主机和进程状态
2018-11-13 17:53:00.869428 开始探测主机和进程状态
2018-11-13 17:53:04.723509 结束探测主机和进程状态
2018-11-13 18:03:05.462318 开始探测主机和进程状态
邮件预警成功:mrcheng0910@gmail.com
2018-11-13 18:03:07.056179 结束探测主机和进程状态
2018-11-13 18:13:07.797017 开始探测主机和进程状态
2018-11-13 18:13:11.713139 结束探测主机和进程状态
2018-11-13 18:23:12.454543 开始探测主机和进程状态
2018-11-13 18:23:13.162384 结束探测主机和进程状态
2018-11-13 18:33:13.902756 开始探测主机和进程状态
2018-11-13 18:33:17.760476 结束探测主机和进程状态
2018-11-13 18:43:18.502257 开始探测主机和进程状态
2018-11-13 18:43:19.143766 结束探测主机和进程状态
2018-11-13 18:53:19.888155 开始探测主机和进程状态
2018-11-13 18:53:23.931415 结束探测主机和进程状态
2018-11-13 19:03:24.673708 开始探测主机和进程状态
2018-11-13 19:03:25.312662 结束探测主机和进程状态
2018-11-13 19:13:26.046933 开始探测主机和进程状态
2018-11-13 19:13:29.978626 结束探测主机和进程状态
2018-11-13 19:23:30.710743 开始探测主机和进程状态
2018-11-13 19:23:31.402641 结束探测主机和进程状态
2018-11-13 19:33:32.128131 开始探测主机和进程状态
2018-11-13 19:33:36.095947 结束探测主机和进程状态
2018-11-13 19:43:36.845464 开始探测主机和进程状态
2018-11-13 19:43:37.519417 结束探测主机和进程状态
2018-11-13 19:53:38.257428 开始探测主机和进程状态
2018-11-13 19:53:42.359282 结束探测主机和进程状态
2018-11-13 20:03:43.100675 开始探测主机和进程状态
2018-11-13 20:03:43.749921 结束探测主机和进程状态
2018-11-13 20:13:44.493436 开始探测主机和进程状态
2018-11-13 20:13:48.657977 结束探测主机和进程状态
2018-11-13 20:23:49.396118 开始探测主机和进程状态
2018-11-13 20:23:50.065539 结束探测主机和进程状态
2018-11-13 20:33:50.812428 开始探测主机和进程状态
2018-11-13 20:33:55.164304 结束探测主机和进程状态
2018-11-13 20:43:55.910166 开始探测主机和进程状态
2018-11-13 20:43:56.579862 结束探测主机和进程状态
2018-11-13 20:53:57.320609 开始探测主机和进程状态
2018-11-13 20:54:01.261686 结束探测主机和进程状态
2018-11-13 21:04:02.000948 开始探测主机和进程状态
2018-11-13 21:04:02.718607 结束探测主机和进程状态
2018-11-13 21:14:03.460688 开始探测主机和进程状态
2018-11-13 21:14:07.895186 结束探测主机和进程状态
2018-11-13 21:24:08.637372 开始探测主机和进程状态
2018-11-13 21:24:09.303493 结束探测主机和进程状态
2018-11-13 21:34:10.024333 开始探测主机和进程状态
2018-11-13 21:34:14.230251 结束探测主机和进程状态
2018-11-13 21:44:14.971625 开始探测主机和进程状态
2018-11-13 21:44:15.646760 结束探测主机和进程状态
2018-11-13 21:54:16.383846 开始探测主机和进程状态
2018-11-13 21:54:20.613379 结束探测主机和进程状态
2018-11-13 22:04:21.355379 开始探测主机和进程状态
2018-11-13 22:04:22.042326 结束探测主机和进程状态
2018-11-13 22:14:22.777376 开始探测主机和进程状态
2018-11-13 22:14:26.853113 结束探测主机和进程状态
2018-11-13 22:24:27.594870 开始探测主机和进程状态
Connection unexpectedly closed: [Errno 104] Connection reset by peer
邮件预警失败:mrcheng0910@gmail.com
2018-11-13 22:24:28.993591 结束探测主机和进程状态
2018-11-13 22:34:29.731010 开始探测主机和进程状态
2018-11-13 22:34:34.127179 结束探测主机和进程状态
2018-11-13 22:44:34.863737 开始探测主机和进程状态
邮件预警成功:mrcheng0910@gmail.com
Connection unexpectedly closed: [Errno 104] Connection reset by peer
邮件预警失败:2990814192@qq.com
2018-11-13 22:44:37.911831 结束探测主机和进程状态
2018-11-13 22:54:38.652876 开始探测主机和进程状态
2018-11-13 22:54:42.815315 结束探测主机和进程状态
2018-11-13 23:04:43.556871 开始探测主机和进程状态
邮件预警成功:mrcheng0910@gmail.com
邮件预警成功:2990814192@qq.com
2018-11-13 23:04:47.573218 结束探测主机和进程状态
2018-11-13 23:14:48.306408 开始探测主机和进程状态
2018-11-13 23:14:52.620815 结束探测主机和进程状态
2018-11-13 23:24:53.364863 开始探测主机和进程状态
邮件预警成功:mrcheng0910@gmail.com
邮件预警成功:2990814192@qq.com
2018-11-13 23:24:56.794596 结束探测主机和进程状态
2018-11-13 23:34:57.531975 开始探测主机和进程状态
2018-11-13 23:35:01.926890 结束探测主机和进程状态
2018-11-13 23:45:02.657342 开始探测主机和进程状态
Connection unexpectedly closed: [Errno 104] Connection reset by peer
邮件预警失败:2990814192@qq.com
2018-11-13 23:45:05.036407 结束探测主机和进程状态
2018-11-13 23:55:05.778593 开始探测主机和进程状态
2018-11-13 23:55:09.998243 结束探测主机和进程状态
2018-11-14 00:05:10.736815 开始探测主机和进程状态
邮件预警成功:2990814192@qq.com
2018-11-14 00:05:15.431812 结束探测主机和进程状态
2018-11-14 00:15:16.171363 开始探测主机和进程状态
2018-11-14 00:15:20.446111 结束探测主机和进程状态
2018-11-14 00:25:21.186553 开始探测主机和进程状态
2018-11-14 00:25:23.389370 结束探测主机和进程状态
2018-11-14 00:35:24.127335 开始探测主机和进程状态
2018-11-14 00:35:28.301122 结束探测主机和进程状态
2018-11-14 00:45:29.033882 开始探测主机和进程状态
2018-11-14 00:45:31.206235 结束探测主机和进程状态
2018-11-14 00:55:31.945428 开始探测主机和进程状态
2018-11-14 00:55:36.127555 结束探测主机和进程状态
2018-11-14 01:05:36.865477 开始探测主机和进程状态
2018-11-14 01:05:39.169860 结束探测主机和进程状态
2018-11-14 01:15:39.908470 开始探测主机和进程状态
2018-11-14 01:15:44.015799 结束探测主机和进程状态
2018-11-14 01:25:44.762039 开始探测主机和进程状态
2018-11-14 01:25:47.034104 结束探测主机和进程状态
2018-11-14 01:35:47.776958 开始探测主机和进程状态
2018-11-14 01:35:52.221193 结束探测主机和进程状态
2018-11-14 01:45:52.962077 开始探测主机和进程状态
2018-11-14 01:45:55.140776 结束探测主机和进程状态
2018-11-14 01:55:55.877685 开始探测主机和进程状态
2018-11-14 01:56:00.177795 结束探测主机和进程状态
2018-11-14 02:06:00.914004 开始探测主机和进程状态
2018-11-14 02:06:03.162115 结束探测主机和进程状态
2018-11-14 02:16:03.893768 开始探测主机和进程状态
2018-11-14 02:16:08.141331 结束探测主机和进程状态
2018-11-14 02:26:08.876040 开始探测主机和进程状态
2018-11-14 02:26:11.093313 结束探测主机和进程状态
2018-11-14 02:36:11.833926 开始探测主机和进程状态
2018-11-14 02:36:16.247762 结束探测主机和进程状态
2018-11-14 02:46:16.984777 开始探测主机和进程状态
2018-11-14 02:46:19.299079 结束探测主机和进程状态
2018-11-14 02:56:20.042006 开始探测主机和进程状态
2018-11-14 02:56:24.227739 结束探测主机和进程状态
2018-11-14 03:06:24.971764 开始探测主机和进程状态
2018-11-14 03:06:27.247006 结束探测主机和进程状态
2018-11-14 03:16:27.990656 开始探测主机和进程状态
2018-11-14 03:16:32.167894 结束探测主机和进程状态
2018-11-14 03:26:32.906744 开始探测主机和进程状态
2018-11-14 03:26:35.202810 结束探测主机和进程状态
2018-11-14 03:36:35.945311 开始探测主机和进程状态
2018-11-14 03:36:40.206717 结束探测主机和进程状态
2018-11-14 03:46:40.946093 开始探测主机和进程状态
2018-11-14 03:46:43.143153 结束探测主机和进程状态
2018-11-14 03:56:43.889763 开始探测主机和进程状态
2018-11-14 03:56:47.914163 结束探测主机和进程状态
2018-11-14 04:06:48.655686 开始探测主机和进程状态
2018-11-14 04:06:50.940470 结束探测主机和进程状态
2018-11-14 04:16:51.681924 开始探测主机和进程状态
2018-11-14 04:16:55.579240 结束探测主机和进程状态
2018-11-14 04:26:56.316858 开始探测主机和进程状态
2018-11-14 04:26:58.572978 结束探测主机和进程状态
2018-11-14 04:36:59.316180 开始探测主机和进程状态
2018-11-14 04:37:03.618364 结束探测主机和进程状态
2018-11-14 04:47:04.357662 开始探测主机和进程状态
2018-11-14 04:47:06.569698 结束探测主机和进程状态
2018-11-14 04:57:07.312450 开始探测主机和进程状态
2018-11-14 04:57:11.416048 结束探测主机和进程状态
2018-11-14 05:07:12.160705 开始探测主机和进程状态
2018-11-14 05:07:14.409409 结束探测主机和进程状态
2018-11-14 05:17:15.150086 开始探测主机和进程状态
2018-11-14 05:17:19.138719 结束探测主机和进程状态
2018-11-14 05:27:19.881432 开始探测主机和进程状态
2018-11-14 05:27:22.190502 结束探测主机和进程状态
2018-11-14 05:37:22.929879 开始探测主机和进程状态
2018-11-14 05:37:27.278878 结束探测主机和进程状态
2018-11-14 05:47:28.017992 开始探测主机和进程状态
2018-11-14 05:47:30.163281 结束探测主机和进程状态
2018-11-14 05:57:30.908107 开始探测主机和进程状态
2018-11-14 05:57:35.291288 结束探测主机和进程状态
2018-11-14 06:07:36.031963 开始探测主机和进程状态
2018-11-14 06:07:38.234963 结束探测主机和进程状态
2018-11-14 06:17:38.971816 开始探测主机和进程状态
2018-11-14 06:17:43.181609 结束探测主机和进程状态
2018-11-14 06:27:43.905439 开始探测主机和进程状态
2018-11-14 06:27:46.166757 结束探测主机和进程状态
2018-11-14 06:37:46.897690 开始探测主机和进程状态
2018-11-14 06:37:56.888064 结束探测主机和进程状态
2018-11-14 06:47:57.622021 开始探测主机和进程状态
2018-11-14 06:48:02.324704 结束探测主机和进程状态
2018-11-14 06:58:03.058609 开始探测主机和进程状态
2018-11-14 06:58:07.420726 结束探测主机和进程状态
2018-11-14 07:08:08.158765 开始探测主机和进程状态
2018-11-14 07:08:10.563388 结束探测主机和进程状态
2018-11-14 07:18:11.302958 开始探测主机和进程状态
2018-11-14 07:18:15.417849 结束探测主机和进程状态
2018-11-14 07:28:16.156089 开始探测主机和进程状态
2018-11-14 07:28:18.303877 结束探测主机和进程状态
2018-11-14 07:38:19.047122 开始探测主机和进程状态
2018-11-14 07:38:23.208134 结束探测主机和进程状态
2018-11-14 07:48:23.948864 开始探测主机和进程状态
2018-11-14 07:48:26.209531 结束探测主机和进程状态
2018-11-14 07:58:26.950400 开始探测主机和进程状态
2018-11-14 07:58:31.266446 结束探测主机和进程状态
2018-11-14 08:08:32.008255 开始探测主机和进程状态
2018-11-14 08:08:33.725925 结束探测主机和进程状态
2018-11-14 08:18:34.466435 开始探测主机和进程状态
邮件预警成功:mrcheng0910@gmail.com
2018-11-14 08:18:40.106197 结束探测主机和进程状态
2018-11-14 08:28:40.850428 开始探测主机和进程状态
2018-11-14 08:28:42.483120 结束探测主机和进程状态
2018-11-14 08:38:43.221152 开始探测主机和进程状态
2018-11-14 08:38:47.456747 结束探测主机和进程状态
2018-11-14 08:48:48.195306 开始探测主机和进程状态
2018-11-14 08:48:48.889500 结束探测主机和进程状态
2018-11-14 08:58:49.627119 开始探测主机和进程状态
邮件预警成功:mrcheng0910@gmail.com
2018-11-14 08:58:55.100850 结束探测主机和进程状态
2018-11-14 09:08:55.840765 开始探测主机和进程状态
(554, 'DT:SPM 163 smtp1,C9GowAD3D1C9detbfLRQAg--.2764S2 1542157758,please see http://mail.163.com/help/help_spam_16.htm?ip=221.2.164.37&hostid=smtp1&time=1542157758')
邮件预警失败:2990814192@qq.com
2018-11-14 09:08:58.882905 结束探测主机和进程状态
2018-11-14 09:18:59.621906 开始探测主机和进程状态
(554, 'DT:SPM 163 smtp2,DNGowACXPFQYeOtbkN6BAA--.2809S2 1542158361,please see http://mail.163.com/help/help_spam_16.htm?ip=221.2.164.37&hostid=smtp2&time=1542158361')
邮件预警失败:2990814192@qq.com
(554, 'DT:SPM 163 smtp1,C9GowADntDoZeOtbVzRRAg--.2827S2 1542158361,please see http://mail.163.com/help/help_spam_16.htm?ip=221.2.164.37&hostid=smtp1&time=1542158361')
邮件预警失败:mrcheng0910@gmail.com
2018-11-14 09:19:05.293023 结束探测主机和进程状态
2018-11-14 09:29:06.040036 开始探测主机和进程状态
2018-11-14 09:29:06.696787 结束探测主机和进程状态
2018-11-14 09:39:07.420434 开始探测主机和进程状态
2018-11-14 09:39:11.391274 结束探测主机和进程状态
2018-11-14 09:49:12.133713 开始探测主机和进程状态
2018-11-14 09:49:12.834066 结束探测主机和进程状态
2018-11-14 09:59:13.574075 开始探测主机和进程状态
邮件预警成功:2990814192@qq.com
邮件预警成功:2990814192@qq.com
2018-11-14 09:59:19.691118 结束探测主机和进程状态
2018-11-14 10:09:20.422098 开始探测主机和进程状态
2018-11-14 10:09:21.148948 结束探测主机和进程状态
2018-11-14 10:19:21.881975 开始探测主机和进程状态
邮件预警成功:2990814192@qq.com
邮件预警成功:2990814192@qq.com
2018-11-14 10:19:28.907831 结束探测主机和进程状态
2018-11-14 10:29:29.637442 开始探测主机和进程状态
2018-11-14 10:29:30.282034 结束探测主机和进程状态
2018-11-14 10:39:31.017367 开始探测主机和进程状态
邮件预警成功:2990814192@qq.com
邮件预警成功:2990814192@qq.com
2018-11-14 10:39:37.165560 结束探测主机和进程状态
2018-11-14 10:49:37.902097 开始探测主机和进程状态
2018-11-14 10:49:38.555955 结束探测主机和进程状态
2018-11-14 10:59:39.299332 开始探测主机和进程状态
2018-11-14 10:59:44.580175 结束探测主机和进程状态
2018-11-14 11:09:45.325285 开始探测主机和进程状态
2018-11-14 11:09:45.977478 结束探测主机和进程状态
2018-11-14 11:19:46.717914 开始探测主机和进程状态
2018-11-14 11:19:50.641394 结束探测主机和进程状态
2018-11-14 11:29:51.374361 开始探测主机和进程状态
2018-11-14 11:29:52.069321 结束探测主机和进程状态
2018-11-14 11:39:52.812671 开始探测主机和进程状态
2018-11-14 11:39:58.301407 结束探测主机和进程状态
2018-11-14 11:49:59.045981 开始探测主机和进程状态
2018-11-14 11:50:00.358022 结束探测主机和进程状态
2018-11-14 12:00:01.095199 开始探测主机和进程状态
2018-11-14 12:00:06.888754 结束探测主机和进程状态
2018-11-14 12:10:07.629071 开始探测主机和进程状态
2018-11-14 12:10:08.878295 结束探测主机和进程状态
2018-11-14 12:20:09.618575 开始探测主机和进程状态
2018-11-14 12:20:15.096457 结束探测主机和进程状态
2018-11-14 12:30:15.841895 开始探测主机和进程状态
邮件预警成功:2990814192@qq.com
2018-11-14 12:30:17.861892 结束探测主机和进程状态
2018-11-14 12:40:18.599936 开始探测主机和进程状态
邮件预警成功:2990814192@qq.com
2018-11-14 12:40:24.534737 结束探测主机和进程状态
2018-11-14 12:50:25.276396 开始探测主机和进程状态
邮件预警成功:2990814192@qq.com
2018-11-14 12:50:27.917726 结束探测主机和进程状态
2018-11-14 13:00:28.661639 开始探测主机和进程状态
邮件预警成功:2990814192@qq.com
2018-11-14 13:00:33.990193 结束探测主机和进程状态
2018-11-14 13:10:34.731256 开始探测主机和进程状态
2018-11-14 13:10:35.284305 结束探测主机和进程状态
2018-11-14 13:20:36.022581 开始探测主机和进程状态
2018-11-14 13:20:41.797477 结束探测主机和进程状态
2018-11-14 13:30:42.540896 开始探测主机和进程状态
邮件预警成功:2990814192@qq.com
2018-11-14 13:30:45.374807 结束探测主机和进程状态
2018-11-14 13:40:46.107660 开始探测主机和进程状态
邮件预警成功:2990814192@qq.com
2018-11-14 13:40:53.908327 结束探测主机和进程状态
2018-11-14 13:50:54.638631 开始探测主机和进程状态
邮件预警成功:2990814192@qq.com
2018-11-14 13:50:55.500898 结束探测主机和进程状态
2018-11-14 14:00:56.234044 开始探测主机和进程状态
邮件预警成功:2990814192@qq.com
邮件预警成功:2990814192@qq.com
邮件预警成功:2990814192@qq.com
2018-11-14 14:01:03.816193 结束探测主机和进程状态
2018-11-14 14:11:04.555953 开始探测主机和进程状态
2018-11-14 14:11:05.153244 结束探测主机和进程状态
2018-11-14 14:21:05.892413 开始探测主机和进程状态
邮件预警成功:2990814192@qq.com
邮件预警成功:2990814192@qq.com
邮件预警成功:2990814192@qq.com
2018-11-14 14:21:14.557389 结束探测主机和进程状态
2018-11-14 14:31:15.279492 开始探测主机和进程状态
2018-11-14 14:31:15.834652 结束探测主机和进程状态
2018-11-14 14:41:16.576682 开始探测主机和进程状态
邮件预警成功:2990814192@qq.com
邮件预警成功:2990814192@qq.com
2018-11-14 14:41:24.849029 结束探测主机和进程状态
2018-11-14 14:51:25.590485 开始探测主机和进程状态
2018-11-14 14:51:26.184416 结束探测主机和进程状态
2018-11-14 15:01:26.925209 开始探测主机和进程状态
2018-11-14 15:01:33.364384 结束探测主机和进程状态
2018-11-14 15:11:34.108634 开始探测主机和进程状态
2018-11-14 15:11:34.733548 结束探测主机和进程状态
2018-11-14 15:21:35.472884 开始探测主机和进程状态
2018-11-14 15:21:41.905124 结束探测主机和进程状态
2018-11-14 15:31:42.639415 开始探测主机和进程状态
2018-11-14 15:31:42.722828 结束探测主机和进程状态
2018-11-14 15:41:43.449893 开始探测主机和进程状态
2018-11-14 15:41:48.991604 结束探测主机和进程状态
2018-11-14 15:51:49.721346 开始探测主机和进程状态
2018-11-14 15:51:50.432141 结束探测主机和进程状态
2018-11-14 16:01:51.164688 开始探测主机和进程状态
2018-11-14 16:01:57.385035 结束探测主机和进程状态
2018-11-14 16:11:58.118607 开始探测主机和进程状态
2018-11-14 16:11:58.821927 结束探测主机和进程状态
2018-11-14 16:21:59.561869 开始探测主机和进程状态
2018-11-14 16:22:05.441148 结束探测主机和进程状态
2018-11-14 16:32:06.187479 开始探测主机和进程状态
2018-11-14 16:32:06.887497 结束探测主机和进程状态
2018-11-14 16:42:07.635111 开始探测主机和进程状态
2018-11-14 16:42:13.143930 结束探测主机和进程状态
2018-11-14 16:52:13.883088 开始探测主机和进程状态
2018-11-14 16:52:14.572610 结束探测主机和进程状态
2018-11-14 17:02:15.314013 开始探测主机和进程状态
2018-11-14 17:02:21.599653 结束探测主机和进程状态
2018-11-14 17:12:22.342464 开始探测主机和进程状态
2018-11-14 17:12:23.107750 结束探测主机和进程状态
2018-11-14 17:22:23.843501 开始探测主机和进程状态
2018-11-14 17:22:29.782531 结束探测主机和进程状态
2018-11-14 17:32:30.525264 开始探测主机和进程状态
2018-11-14 17:32:31.198249 结束探测主机和进程状态
2018-11-14 17:42:31.942233 开始探测主机和进程状态
2018-11-14 17:42:37.861380 结束探测主机和进程状态
2018-11-14 17:52:38.608466 开始探测主机和进程状态
2018-11-14 17:52:39.387119 结束探测主机和进程状态
2018-11-14 18:02:40.132443 开始探测主机和进程状态
2018-11-14 18:02:46.323667 结束探测主机和进程状态
2018-11-14 18:12:47.069071 开始探测主机和进程状态
2018-11-14 18:12:47.771880 结束探测主机和进程状态
2018-11-14 18:22:48.511519 开始探测主机和进程状态
2018-11-14 18:22:54.574647 结束探测主机和进程状态
2018-11-14 18:32:55.320102 开始探测主机和进程状态
邮件预警成功:2990814192@qq.com
2018-11-14 18:32:57.932858 结束探测主机和进程状态
2018-11-14 18:42:58.674409 开始探测主机和进程状态
2018-11-14 18:43:04.744271 结束探测主机和进程状态
2018-11-14 18:53:05.490057 开始探测主机和进程状态
2018-11-14 18:53:06.775260 结束探测主机和进程状态
2018-11-14 19:03:07.520207 开始探测主机和进程状态
2018-11-14 19:03:13.645212 结束探测主机和进程状态
2018-11-14 19:13:14.389997 开始探测主机和进程状态
2018-11-14 19:13:16.087903 结束探测主机和进程状态
2018-11-14 19:23:16.832827 开始探测主机和进程状态
2018-11-14 19:23:22.789241 结束探测主机和进程状态
2018-11-14 19:33:23.534744 开始探测主机和进程状态
邮件预警成功:2990814192@qq.com
2018-11-14 19:33:27.334994 结束探测主机和进程状态
2018-11-14 19:43:28.058458 开始探测主机和进程状态
2018-11-14 19:43:34.821691 结束探测主机和进程状态
2018-11-14 19:53:35.560294 开始探测主机和进程状态
邮件预警成功:2990814192@qq.com
2018-11-14 19:53:38.350198 结束探测主机和进程状态
2018-11-14 20:03:39.094471 开始探测主机和进程状态
2018-11-14 20:03:45.483306 结束探测主机和进程状态
2018-11-14 20:13:46.229234 开始探测主机和进程状态
Connection unexpectedly closed: [Errno 104] Connection reset by peer
邮件预警失败:2990814192@qq.com
2018-11-14 20:13:48.908047 结束探测主机和进程状态
2018-11-14 20:23:49.645093 开始探测主机和进程状态
2018-11-14 20:23:56.227700 结束探测主机和进程状态
2018-11-14 20:33:56.971058 开始探测主机和进程状态
邮件预警成功:2990814192@qq.com
2018-11-14 20:34:00.052643 结束探测主机和进程状态
2018-11-14 20:44:00.793624 开始探测主机和进程状态
2018-11-14 20:44:07.376614 结束探测主机和进程状态
2018-11-14 20:54:08.110694 开始探测主机和进程状态
2018-11-14 20:54:10.081615 结束探测主机和进程状态
2018-11-14 21:04:10.812231 开始探测主机和进程状态
2018-11-14 21:04:17.367653 结束探测主机和进程状态
2018-11-14 21:14:18.087850 开始探测主机和进程状态
2018-11-14 21:14:19.985228 结束探测主机和进程状态
2018-11-14 21:24:20.706391 开始探测主机和进程状态
2018-11-14 21:24:27.452616 结束探测主机和进程状态
2018-11-14 21:34:28.182576 开始探测主机和进程状态
2018-11-14 21:34:30.157448 结束探测主机和进程状态
2018-11-14 21:44:30.896679 开始探测主机和进程状态
2018-11-14 21:44:37.281905 结束探测主机和进程状态
2018-11-14 21:54:38.022954 开始探测主机和进程状态
2018-11-14 21:54:39.966420 结束探测主机和进程状态
